<?xml version="1.0" encoding="UTF-8"?>
<testng-results skipped="0" failed="0" total="12" passed="12">
  <reporter-output>
  </reporter-output>
  <suite name="Test Fizz Buzz" duration-ms="15747" started-at="2022-11-12T18:53:01Z" finished-at="2022-11-12T18:53:17Z">
    <groups>
    </groups>
    <test name="Set 1" duration-ms="15747" started-at="2022-11-12T18:53:01Z" finished-at="2022-11-12T18:53:17Z">
      <class name="Aisera.Task1.TestFizzBuzzWithFile">
        <test-method status="PASS" signature="beforeClass()[pri:0, instance:Aisera.Task1.TestFizzBuzzWithFile@2c9f9fb0]" name="beforeClass" is-config="true" duration-ms="17" started-at="2022-11-13T00:23:17Z" finished-at="2022-11-13T00:23:17Z">
          <reporter-output>
          </reporter-output>
        </test-method> <!-- beforeClass -->
        <test-method status="PASS" signature="testBuzzFizzWithFile(java.lang.String, java.lang.String)[pri:0, instance:Aisera.Task1.TestFizzBuzzWithFile@2c9f9fb0]" name="testBuzzFizzWithFile" duration-ms="22" started-at="2022-11-13T00:23:17Z" data-provider="testData" finished-at="2022-11-13T00:23:17Z">
          <params>
            <param index="0">
              <value>
                <![CDATA[]]>
              </value>
            </param>
            <param index="1">
              <value>
                <![CDATA[Status code : 404]]>
              </value>
            </param>
          </params>
          <reporter-output>
          </reporter-output>
        </test-method> <!-- testBuzzFizzWithFile -->
        <test-method status="PASS" signature="testBuzzFizzWithFile(java.lang.String, java.lang.String)[pri:0, instance:Aisera.Task1.TestFizzBuzzWithFile@2c9f9fb0]" name="testBuzzFizzWithFile" duration-ms="56" started-at="2022-11-13T00:23:17Z" data-provider="testData" finished-at="2022-11-13T00:23:17Z">
          <params>
            <param index="0">
              <value>
                <![CDATA[1]]>
              </value>
            </param>
            <param index="1">
              <value>
                <![CDATA[Invalid Input]]>
              </value>
            </param>
          </params>
          <reporter-output>
          </reporter-output>
        </test-method> <!-- testBuzzFizzWithFile -->
        <test-method status="PASS" signature="testBuzzFizzWithFile(java.lang.String, java.lang.String)[pri:0, instance:Aisera.Task1.TestFizzBuzzWithFile@2c9f9fb0]" name="testBuzzFizzWithFile" duration-ms="40" started-at="2022-11-13T00:23:17Z" data-provider="testData" finished-at="2022-11-13T00:23:17Z">
          <params>
            <param index="0">
              <value>
                <![CDATA[9]]>
              </value>
            </param>
            <param index="1">
              <value>
                <![CDATA[fizz]]>
              </value>
            </param>
          </params>
          <reporter-output>
          </reporter-output>
        </test-method> <!-- testBuzzFizzWithFile -->
        <test-method status="PASS" signature="testBuzzFizzWithFile(java.lang.String, java.lang.String)[pri:0, instance:Aisera.Task1.TestFizzBuzzWithFile@2c9f9fb0]" name="testBuzzFizzWithFile" duration-ms="42" started-at="2022-11-13T00:23:17Z" data-provider="testData" finished-at="2022-11-13T00:23:17Z">
          <params>
            <param index="0">
              <value>
                <![CDATA[45]]>
              </value>
            </param>
            <param index="1">
              <value>
                <![CDATA[fizz buzz]]>
              </value>
            </param>
          </params>
          <reporter-output>
          </reporter-output>
        </test-method> <!-- testBuzzFizzWithFile -->
        <test-method status="PASS" signature="testBuzzFizzWithFile(java.lang.String, java.lang.String)[pri:0, instance:Aisera.Task1.TestFizzBuzzWithFile@2c9f9fb0]" name="testBuzzFizzWithFile" duration-ms="64" started-at="2022-11-13T00:23:17Z" data-provider="testData" finished-at="2022-11-13T00:23:17Z">
          <params>
            <param index="0">
              <value>
                <![CDATA[bc]]>
              </value>
            </param>
            <param index="1">
              <value>
                <![CDATA[Invalid Input]]>
              </value>
            </param>
          </params>
          <reporter-output>
          </reporter-output>
        </test-method> <!-- testBuzzFizzWithFile -->
        <test-method status="PASS" signature="testBuzzFizzWithFile(java.lang.String, java.lang.String)[pri:0, instance:Aisera.Task1.TestFizzBuzzWithFile@2c9f9fb0]" name="testBuzzFizzWithFile" duration-ms="34" started-at="2022-11-13T00:23:17Z" data-provider="testData" finished-at="2022-11-13T00:23:17Z">
          <params>
            <param index="0">
              <value>
                <![CDATA[50]]>
              </value>
            </param>
            <param index="1">
              <value>
                <![CDATA[buzz]]>
              </value>
            </param>
          </params>
          <reporter-output>
          </reporter-output>
        </test-method> <!-- testBuzzFizzWithFile -->
      </class> <!-- Aisera.Task1.TestFizzBuzzWithFile -->
      <class name="Aisera.Task1.TestFizzBuzz">
        <test-method status="PASS" signature="testBuzzFizz(java.lang.String, java.lang.String)[pri:0, instance:Aisera.Task1.TestFizzBuzz@735b478]" name="testBuzzFizz" duration-ms="15208" started-at="2022-11-13T00:23:01Z" data-provider="testData" finished-at="2022-11-13T00:23:16Z">
          <params>
            <param index="0">
              <value>
                <![CDATA[2]]>
              </value>
            </param>
            <param index="1">
              <value>
                <![CDATA[Invalid Input]]>
              </value>
            </param>
          </params>
          <reporter-output>
          </reporter-output>
        </test-method> <!-- testBuzzFizz -->
        <test-method status="PASS" signature="testBuzzFizz(java.lang.String, java.lang.String)[pri:0, instance:Aisera.Task1.TestFizzBuzz@735b478]" name="testBuzzFizz" duration-ms="56" started-at="2022-11-13T00:23:16Z" data-provider="testData" finished-at="2022-11-13T00:23:16Z">
          <params>
            <param index="0">
              <value>
                <![CDATA[6]]>
              </value>
            </param>
            <param index="1">
              <value>
                <![CDATA[fizz]]>
              </value>
            </param>
          </params>
          <reporter-output>
          </reporter-output>
        </test-method> <!-- testBuzzFizz -->
        <test-method status="PASS" signature="testBuzzFizz(java.lang.String, java.lang.String)[pri:0, instance:Aisera.Task1.TestFizzBuzz@735b478]" name="testBuzzFizz" duration-ms="45" started-at="2022-11-13T00:23:16Z" data-provider="testData" finished-at="2022-11-13T00:23:16Z">
          <params>
            <param index="0">
              <value>
                <![CDATA[10]]>
              </value>
            </param>
            <param index="1">
              <value>
                <![CDATA[buzz]]>
              </value>
            </param>
          </params>
          <reporter-output>
          </reporter-output>
        </test-method> <!-- testBuzzFizz -->
        <test-method status="PASS" signature="testBuzzFizz(java.lang.String, java.lang.String)[pri:0, instance:Aisera.Task1.TestFizzBuzz@735b478]" name="testBuzzFizz" duration-ms="59" started-at="2022-11-13T00:23:16Z" data-provider="testData" finished-at="2022-11-13T00:23:16Z">
          <params>
            <param index="0">
              <value>
                <![CDATA[15]]>
              </value>
            </param>
            <param index="1">
              <value>
                <![CDATA[fizz buzz]]>
              </value>
            </param>
          </params>
          <reporter-output>
          </reporter-output>
        </test-method> <!-- testBuzzFizz -->
        <test-method status="PASS" signature="testBuzzFizz(java.lang.String, java.lang.String)[pri:0, instance:Aisera.Task1.TestFizzBuzz@735b478]" name="testBuzzFizz" duration-ms="39" started-at="2022-11-13T00:23:16Z" data-provider="testData" finished-at="2022-11-13T00:23:16Z">
          <params>
            <param index="0">
              <value>
                <![CDATA[ab]]>
              </value>
            </param>
            <param index="1">
              <value>
                <![CDATA[Invalid Input]]>
              </value>
            </param>
          </params>
          <reporter-output>
          </reporter-output>
        </test-method> <!-- testBuzzFizz -->
        <test-method status="PASS" signature="testBuzzFizz(java.lang.String, java.lang.String)[pri:0, instance:Aisera.Task1.TestFizzBuzz@735b478]" name="testBuzzFizz" duration-ms="38" started-at="2022-11-13T00:23:16Z" data-provider="testData" finished-at="2022-11-13T00:23:16Z">
          <params>
            <param index="0">
              <value>
                <![CDATA[]]>
              </value>
            </param>
            <param index="1">
              <value>
                <![CDATA[Status code : 404]]>
              </value>
            </param>
          </params>
          <reporter-output>
          </reporter-output>
        </test-method> <!-- testBuzzFizz -->
      </class> <!-- Aisera.Task1.TestFizzBuzz -->
    </test> <!-- Set 1 -->
  </suite> <!-- Test Fizz Buzz -->
</testng-results>
