<?xml version="1.0" encoding="UTF-8"?>
<testsuite xmlns:xsi="http://www.w3.org/2001/XMLSchema-instance" xsi:noNamespaceSchemaLocation="https://maven.apache.org/surefire/maven-surefire-plugin/xsd/surefire-test-report.xsd" name="TestSuite" time="16.593" tests="12" errors="0" skipped="0" failures="0">
  <properties>
[...]
</properties>
  <testcase name="testBuzzFizz" classname="Aisera.Task1.TestFizzBuzz" time="15.214"/>
  <testcase name="testBuzzFizz" classname="Aisera.Task1.TestFizzBuzz" time="0.049"/>
  <testcase name="testBuzzFizz" classname="Aisera.Task1.TestFizzBuzz" time="0.046"/>
  <testcase name="testBuzzFizz" classname="Aisera.Task1.TestFizzBuzz" time="0.058"/>
  <testcase name="testBuzzFizz" classname="Aisera.Task1.TestFizzBuzz" time="0.039"/>
  <testcase name="testBuzzFizz" classname="Aisera.Task1.TestFizzBuzz" time="0.039"/>
  <testcase name="testBuzzFizzWithFile" classname="Aisera.Task1.TestFizzBuzzWithFile" time="0.029"/>
  <testcase name="testBuzzFizzWithFile" classname="Aisera.Task1.TestFizzBuzzWithFile" time="0.051"/>
  <testcase name="testBuzzFizzWithFile" classname="Aisera.Task1.TestFizzBuzzWithFile" time="0.043"/>
  <testcase name="testBuzzFizzWithFile" classname="Aisera.Task1.TestFizzBuzzWithFile" time="0.039"/>
  <testcase name="testBuzzFizzWithFile" classname="Aisera.Task1.TestFizzBuzzWithFile" time="0.065"/>
  <testcase name="testBuzzFizzWithFile" classname="Aisera.Task1.TestFizzBuzzWithFile" time="0.035"/>
</testsuite>