<?xml version="1.0" encoding="UTF-8"?>
<testng-results skipped="0" failed="0" total="6" passed="6">
  <reporter-output>
  </reporter-output>
  <suite name="Default suite" duration-ms="4895" started-at="2022-11-12T16:20:29Z" finished-at="2022-11-12T16:20:34Z">
    <groups>
    </groups>
    <test name="Default test" duration-ms="4895" started-at="2022-11-12T16:20:29Z" finished-at="2022-11-12T16:20:34Z">
      <class name="Aisera.Task1.TestFizzBuzzWithFile">
        <test-method status="PASS" signature="beforeClass()[pri:0, instance:Aisera.Task1.TestFizzBuzzWithFile@3532ec19]" name="beforeClass" is-config="true" duration-ms="35" started-at="2022-11-12T21:50:29Z" finished-at="2022-11-12T21:50:29Z">
          <reporter-output>
          </reporter-output>
        </test-method> <!-- beforeClass -->
        <test-method status="PASS" signature="testBuzzFizzWithFile(java.lang.String, java.lang.String)[pri:0, instance:Aisera.Task1.TestFizzBuzzWithFile@3532ec19]" name="testBuzzFizzWithFile" duration-ms="3388" started-at="2022-11-12T21:50:29Z" data-provider="testData" finished-at="2022-11-12T21:50:32Z">
          <params>
            <param index="0">
              <value>
                <![CDATA[]]>
              </value>
            </param>
            <param index="1">
              <value>
                <![CDATA[Status code : 404]]>
              </value>
            </param>
          </params>
          <reporter-output>
          </reporter-output>
        </test-method> <!-- testBuzzFizzWithFile -->
        <test-method status="PASS" signature="testBuzzFizzWithFile(java.lang.String, java.lang.String)[pri:0, instance:Aisera.Task1.TestFizzBuzzWithFile@3532ec19]" name="testBuzzFizzWithFile" duration-ms="979" started-at="2022-11-12T21:50:32Z" data-provider="testData" finished-at="2022-11-12T21:50:33Z">
          <params>
            <param index="0">
              <value>
                <![CDATA[1]]>
              </value>
            </param>
            <param index="1">
              <value>
                <![CDATA[Invalid Input]]>
              </value>
            </param>
          </params>
          <reporter-output>
          </reporter-output>
        </test-method> <!-- testBuzzFizzWithFile -->
        <test-method status="PASS" signature="testBuzzFizzWithFile(java.lang.String, java.lang.String)[pri:0, instance:Aisera.Task1.TestFizzBuzzWithFile@3532ec19]" name="testBuzzFizzWithFile" duration-ms="47" started-at="2022-11-12T21:50:33Z" data-provider="testData" finished-at="2022-11-12T21:50:33Z">
          <params>
            <param index="0">
              <value>
                <![CDATA[9]]>
              </value>
            </param>
            <param index="1">
              <value>
                <![CDATA[fizz]]>
              </value>
            </param>
          </params>
          <reporter-output>
          </reporter-output>
        </test-method> <!-- testBuzzFizzWithFile -->
        <test-method status="PASS" signature="testBuzzFizzWithFile(java.lang.String, java.lang.String)[pri:0, instance:Aisera.Task1.TestFizzBuzzWithFile@3532ec19]" name="testBuzzFizzWithFile" duration-ms="46" started-at="2022-11-12T21:50:33Z" data-provider="testData" finished-at="2022-11-12T21:50:33Z">
          <params>
            <param index="0">
              <value>
                <![CDATA[45]]>
              </value>
            </param>
            <param index="1">
              <value>
                <![CDATA[fizz buzz]]>
              </value>
            </param>
          </params>
          <reporter-output>
          </reporter-output>
        </test-method> <!-- testBuzzFizzWithFile -->
        <test-method status="PASS" signature="testBuzzFizzWithFile(java.lang.String, java.lang.String)[pri:0, instance:Aisera.Task1.TestFizzBuzzWithFile@3532ec19]" name="testBuzzFizzWithFile" duration-ms="39" started-at="2022-11-12T21:50:33Z" data-provider="testData" finished-at="2022-11-12T21:50:33Z">
          <params>
            <param index="0">
              <value>
                <![CDATA[bc]]>
              </value>
            </param>
            <param index="1">
              <value>
                <![CDATA[Invalid Input]]>
              </value>
            </param>
          </params>
          <reporter-output>
          </reporter-output>
        </test-method> <!-- testBuzzFizzWithFile -->
        <test-method status="PASS" signature="testBuzzFizzWithFile(java.lang.String, java.lang.String)[pri:0, instance:Aisera.Task1.TestFizzBuzzWithFile@3532ec19]" name="testBuzzFizzWithFile" duration-ms="316" started-at="2022-11-12T21:50:33Z" data-provider="testData" finished-at="2022-11-12T21:50:34Z">
          <params>
            <param index="0">
              <value>
                <![CDATA[50]]>
              </value>
            </param>
            <param index="1">
              <value>
                <![CDATA[buzz]]>
              </value>
            </param>
          </params>
          <reporter-output>
          </reporter-output>
        </test-method> <!-- testBuzzFizzWithFile -->
      </class> <!-- Aisera.Task1.TestFizzBuzzWithFile -->
    </test> <!-- Default test -->
  </suite> <!-- Default suite -->
</testng-results>
