<?xml version="1.0" encoding="UTF-8"?>
<!-- Generated by org.testng.reporters.JUnitXMLReporter -->
<testsuite hostname="ULTRABOOK" name="Set 1" tests="12" failures="0" timestamp="12 Nov 2022 19:15:57 GMT" time="5.224" errors="0">
  <testcase name="testBuzzFizz" time="4.548" classname="Aisera.Task1.TestFizzBuzz"/>
  <testcase name="testBuzzFizz" time="0.068" classname="Aisera.Task1.TestFizzBuzz"/>
  <testcase name="testBuzzFizz" time="0.101" classname="Aisera.Task1.TestFizzBuzz"/>
  <testcase name="testBuzzFizz" time="0.097" classname="Aisera.Task1.TestFizzBuzz"/>
  <testcase name="testBuzzFizz" time="0.06" classname="Aisera.Task1.TestFizzBuzz"/>
  <testcase name="testBuzzFizz" time="0.026" classname="Aisera.Task1.TestFizzBuzz"/>
  <testcase name="testBuzzFizzWithFile" time="0.016" classname="Aisera.Task1.TestFizzBuzzWithFile"/>
  <testcase name="testBuzzFizzWithFile" time="0.051" classname="Aisera.Task1.TestFizzBuzzWithFile"/>
  <testcase name="testBuzzFizzWithFile" time="0.035" classname="Aisera.Task1.TestFizzBuzzWithFile"/>
  <testcase name="testBuzzFizzWithFile" time="0.099" classname="Aisera.Task1.TestFizzBuzzWithFile"/>
  <testcase name="testBuzzFizzWithFile" time="0.038" classname="Aisera.Task1.TestFizzBuzzWithFile"/>
  <testcase name="testBuzzFizzWithFile" time="0.042" classname="Aisera.Task1.TestFizzBuzzWithFile"/>
</testsuite> <!-- Set 1 -->
