<?xml version="1.0" encoding="UTF-8"?>
<!-- Generated by org.testng.reporters.JUnitXMLReporter -->
<testsuite hostname="ULTRABOOK" name="Set 1" tests="12" failures="0" timestamp="12 Nov 2022 18:53:17 GMT" time="15.747" errors="0">
  <testcase name="testBuzzFizz" time="15.208" classname="Aisera.Task1.TestFizzBuzz"/>
  <testcase name="testBuzzFizz" time="0.056" classname="Aisera.Task1.TestFizzBuzz"/>
  <testcase name="testBuzzFizz" time="0.045" classname="Aisera.Task1.TestFizzBuzz"/>
  <testcase name="testBuzzFizz" time="0.059" classname="Aisera.Task1.TestFizzBuzz"/>
  <testcase name="testBuzzFizz" time="0.039" classname="Aisera.Task1.TestFizzBuzz"/>
  <testcase name="testBuzzFizz" time="0.038" classname="Aisera.Task1.TestFizzBuzz"/>
  <testcase name="testBuzzFizzWithFile" time="0.022" classname="Aisera.Task1.TestFizzBuzzWithFile"/>
  <testcase name="testBuzzFizzWithFile" time="0.056" classname="Aisera.Task1.TestFizzBuzzWithFile"/>
  <testcase name="testBuzzFizzWithFile" time="0.04" classname="Aisera.Task1.TestFizzBuzzWithFile"/>
  <testcase name="testBuzzFizzWithFile" time="0.042" classname="Aisera.Task1.TestFizzBuzzWithFile"/>
  <testcase name="testBuzzFizzWithFile" time="0.064" classname="Aisera.Task1.TestFizzBuzzWithFile"/>
  <testcase name="testBuzzFizzWithFile" time="0.034" classname="Aisera.Task1.TestFizzBuzzWithFile"/>
</testsuite> <!-- Set 1 -->
